c:\users\9g63q02\desktop\joachim\stagecontroler\stagecontrol\debug\vc120.pdb
c:\users\9g63q02\desktop\joachim\stagecontroler\stagecontrol\debug\vc120.idb
c:\users\9g63q02\desktop\joachim\stagecontroler\stagecontrol\debug\figureswritecoordtofile.obj
c:\users\9g63q02\desktop\joachim\stagecontroler\stagecontrol\debug\main.obj
c:\users\9g63q02\desktop\joachim\stagecontroler\stagecontrol\debug\figures.obj
c:\users\9g63q02\desktop\joachim\stagecontroler\stagecontrol\debug\menu.obj
c:\users\9g63q02\desktop\joachim\stagecontroler\stagecontrol\debug\stagecontroller.obj
c:\users\9g63q02\desktop\joachim\stagecontroler\stagecontrol\debug\usefulfunctions.obj
c:\users\9g63q02\desktop\joachim\stagecontroler\stagecontrol\debug\stagecontrol.pdb
c:\users\9g63q02\desktop\joachim\stagecontroler\stagecontrol\debug\stagecontrol.tlog\cl.command.1.tlog
c:\users\9g63q02\desktop\joachim\stagecontroler\stagecontrol\debug\stagecontrol.tlog\cl.read.1.tlog
c:\users\9g63q02\desktop\joachim\stagecontroler\stagecontrol\debug\stagecontrol.tlog\cl.write.1.tlog
c:\users\9g63q02\desktop\joachim\stagecontroler\stagecontrol\debug\stagecontrol.tlog\link-cvtres.read.1.tlog
c:\users\9g63q02\desktop\joachim\stagecontroler\stagecontrol\debug\stagecontrol.tlog\link-cvtres.write.1.tlog
c:\users\9g63q02\desktop\joachim\stagecontroler\stagecontrol\debug\stagecontrol.tlog\link-rc.read.1.tlog
c:\users\9g63q02\desktop\joachim\stagecontroler\stagecontrol\debug\stagecontrol.tlog\link-rc.write.1.tlog
c:\users\9g63q02\desktop\joachim\stagecontroler\stagecontrol\debug\stagecontrol.tlog\link.6496-cvtres.read.1.tlog
c:\users\9g63q02\desktop\joachim\stagecontroler\stagecontrol\debug\stagecontrol.tlog\link.6496-cvtres.write.1.tlog
c:\users\9g63q02\desktop\joachim\stagecontroler\stagecontrol\debug\stagecontrol.tlog\link.6496-rc.read.1.tlog
c:\users\9g63q02\desktop\joachim\stagecontroler\stagecontrol\debug\stagecontrol.tlog\link.6496-rc.write.1.tlog
c:\users\9g63q02\desktop\joachim\stagecontroler\stagecontrol\debug\stagecontrol.tlog\link.6496.read.1.tlog
c:\users\9g63q02\desktop\joachim\stagecontroler\stagecontrol\debug\stagecontrol.tlog\link.6496.write.1.tlog
c:\users\9g63q02\desktop\joachim\stagecontroler\stagecontrol\debug\stagecontrol.tlog\link.command.1.tlog
c:\users\9g63q02\desktop\joachim\stagecontroler\stagecontrol\debug\stagecontrol.tlog\link.read.1.tlog
c:\users\9g63q02\desktop\joachim\stagecontroler\stagecontrol\debug\stagecontrol.tlog\link.write.1.tlog
